2019-07-09 19:10:55,787 - INFO - trend > query_pay_echart 耗时：0.03
2019-07-09 19:10:55,818 - INFO - trend > query_record 耗时：0.03
2019-07-09 19:10:55,830 - INFO - trend > calc_bodan 耗时：0.0
2019-07-09 19:10:55,834 - INFO - trend > start_time 耗时：0.0
2019-07-09 19:10:55,842 - INFO - trend > query_oupei_echart 耗时：0.01
2019-07-09 19:11:39,118 - INFO - trend > query_pay_echart 耗时：0.0
2019-07-09 19:11:39,121 - INFO - trend > query_record 耗时：0.0
2019-07-09 19:11:39,121 - INFO - trend > calc_bodan 耗时：0.0
2019-07-09 19:11:39,130 - INFO - trend > start_time 耗时：0.01
2019-07-09 19:11:39,142 - INFO - trend > query_oupei_echart 耗时：0.01
2019-07-09 19:14:14,984 - INFO - trend > query_pay_echart 耗时：0.0
2019-07-09 19:14:15,202 - INFO - trend > query_record 耗时：0.22
2019-07-09 19:14:15,217 - INFO - trend > calc_bodan 耗时：0.01
2019-07-09 19:14:15,223 - INFO - trend > start_time 耗时：0.0
2019-07-09 19:14:15,238 - INFO - trend > query_oupei_echart 耗时：0.01
2020-10-22 16:36:07,895 - INFO - trend > query_pay_echart 耗时：0.04
2020-10-22 16:36:07,900 - INFO - trend > query_record 耗时：0.0
2020-10-22 16:36:07,901 - INFO - trend > calc_bodan 耗时：0.0
2020-10-22 16:36:07,904 - INFO - trend > start_time 耗时：0.0
2020-10-22 16:36:07,907 - INFO - trend > query_oupei_echart 耗时：0.0
2020-10-22 16:47:29,275 - INFO - trend > query_pay_echart 耗时：0.0
2020-10-22 16:47:29,323 - INFO - trend > query_record 耗时：0.05
2020-10-22 16:47:29,326 - INFO - trend > calc_bodan 耗时：0.0
2020-10-22 16:47:29,328 - INFO - trend > start_time 耗时：0.0
2020-10-22 16:47:29,330 - INFO - trend > query_oupei_echart 耗时：0.0
2020-10-22 16:59:05,254 - INFO - trend > query_pay_echart 耗时：0.0
2020-10-22 16:59:05,265 - INFO - trend > query_record 耗时：0.01
2020-10-22 16:59:05,267 - INFO - trend > calc_bodan 耗时：0.0
2020-10-22 16:59:05,269 - INFO - trend > start_time 耗时：0.0
2020-10-22 16:59:05,271 - INFO - trend > query_oupei_echart 耗时：0.0
2020-10-22 17:55:44,385 - INFO - trend > query_pay_echart 耗时：0.0
2020-10-22 17:55:44,389 - INFO - trend > query_record 耗时：0.0
2020-10-22 17:55:44,390 - INFO - trend > calc_bodan 耗时：0.0
2020-10-22 17:55:44,391 - INFO - trend > start_time 耗时：0.0
2020-10-22 17:55:44,393 - INFO - trend > query_oupei_echart 耗时：0.0
